-------------------------------------------------------------------------------
Test set: com.example.UserManager.UserManagerApplicationTests
-------------------------------------------------------------------------------
Tests run: 1, Failures: 0, Errors: 1, Skipped: 0, Time elapsed: 0.188 s <<< FAILURE! - in com.example.UserManager.UserManagerApplicationTests
com.example.UserManager.UserManagerApplicationTests  Time elapsed: 0.187 s  <<< ERROR!
java.lang.IllegalStateException: Unable to find a @SpringBootConfiguration, you need to use @ContextConfiguration or @SpringBootTest(classes=...) with your test

